<?xml version="1.0" encoding="UTF-8"?>
<testsuite name="websearch.WebPageTest" tests="2" skipped="0" failures="0" errors="0" timestamp="2022-11-28T13:28:29" hostname="dyn3221-24.wlan.ic.ac.uk" time="0.0">
  <properties/>
  <testcase name="extracts words from page" classname="websearch.WebPageTest" time="0.0"/>
  <testcase name="converts case and removes punctuation" classname="websearch.WebPageTest" time="0.0"/>
  <system-out><![CDATA[]]></system-out>
  <system-err><![CDATA[]]></system-err>
</testsuite>
