<?xml version="1.0" encoding="UTF-8"?>
<testsuite name="websearch.SearchEngineTest" tests="1" skipped="0" failures="0" errors="0" timestamp="2022-11-28T15:48:02" hostname="dyn3221-24.wlan.ic.ac.uk" time="0.042">
  <properties/>
  <testcase name="can index downloaded pages" classname="websearch.SearchEngineTest" time="0.042"/>
  <system-out><![CDATA[]]></system-out>
  <system-err><![CDATA[]]></system-err>
</testsuite>
